Unity Editor version:    2020.3.48f1 (b805b124c6b7)
Branch:                  2020.3/staging
Build type:              Release
Batch mode:              YES
macOS version:           Version 15.3.1 (Build 24D70)
Darwin version:          24.3.0
Architecture:            x86_64
Running under Rosetta:   YES
Available memory:        18432 MB
Using pre-set license
Pro License: NO

COMMAND LINE ARGUMENTS:
/Users/sakibshams/Desktop/2020.3.48f1/Unity.app/Contents/MacOS/Unity
-adb2
-batchMode
-noUpm
-name
AssetImportWorker0
-projectPath
/Users/sakibshams/GameDesignProjects/Top Down Shooter
-logFile
Logs/AssetImportWorker0.log
-srvPort
49730
Successfully changed project path to: /Users/sakibshams/GameDesignProjects/Top Down Shooter
/Users/sakibshams/GameDesignProjects/Top Down Shooter
Using Asset Import Pipeline V2.
Player connection [8737309184] Host "[IP] 100.66.180.21 [Port] 0 [Flags] 2 [Guid] 4145142473 [EditorId] 4145142473 [Version] 1048832 [Id] OSXEditor(0,Sakibs-MacBook-Pro.local) [Debug] 1 [PackageName] OSXEditor [ProjectName] Editor" joined multi-casting on [225.0.0.222:54997]...

Player connection [8737309184] Host "[IP] 100.66.180.21 [Port] 0 [Flags] 2 [Guid] 4145142473 [EditorId] 4145142473 [Version] 1048832 [Id] OSXEditor(0,Sakibs-MacBook-Pro.local) [Debug] 1 [PackageName] OSXEditor [ProjectName] Editor" joined alternative multi-casting on [225.0.0.222:34997]...

Refreshing native plugins compatible for Editor in 29.49 ms, found 3 plugins.
Preloading 0 native plugins for Editor in 0.00 ms.
Initialize engine version: 2020.3.48f1 (b805b124c6b7)
[Subsystems] Discovering subsystems at path /Users/sakibshams/Desktop/2020.3.48f1/Unity.app/Contents/Resources/UnitySubsystems
[Subsystems] Discovering subsystems at path /Users/sakibshams/GameDesignProjects/Top Down Shooter/Assets
GfxDevice: creating device client; threaded=0
2025-03-05 13:41:04.167 Unity[49263:5409975] (null) preferred device: Apple M3 Pro (high power)
2025-03-05 13:41:04.167 Unity[49263:5409975] Metal devices available: 1
2025-03-05 13:41:04.167 Unity[49263:5409975] 0: Apple M3 Pro (high power)
2025-03-05 13:41:04.167 Unity[49263:5409975] Using device Apple M3 Pro (high power)
Initializing Metal device caps: Apple M3 Pro
Initialize mono
Mono path[0] = '/Users/sakibshams/Desktop/2020.3.48f1/Unity.app/Contents/Managed'
Mono path[1] = '/Users/sakibshams/Desktop/2020.3.48f1/Unity.app/Contents/MonoBleedingEdge/lib/mono/unityjit'
Mono config path = '/Users/sakibshams/Desktop/2020.3.48f1/Unity.app/Contents/MonoBleedingEdge/etc'
Using monoOptions --debugger-agent=transport=dt_socket,embedding=1,server=y,suspend=n,address=127.0.0.1:56263
Begin MonoManager ReloadAssembly
Registering precompiled unity dll's ...
Register platform support module: /Users/sakibshams/Desktop/2020.3.48f1/PlaybackEngines/WebGLSupport/UnityEditor.WebGL.Extensions.dll
Register platform support module: /Users/sakibshams/Desktop/2020.3.48f1/Unity.app/Contents/PlaybackEngines/MacStandaloneSupport/UnityEditor.OSXStandalone.Extensions.dll
Register platform support module: /Users/sakibshams/Desktop/2020.3.48f1/PlaybackEngines/WindowsStandaloneSupport/UnityEditor.WindowsStandalone.Extensions.dll
Registered in 0.002994 seconds.
Native extension for WindowsStandalone target not found
Native extension for OSXStandalone target not found
Native extension for WebGL target not found
Refreshing native plugins compatible for Editor in 26.96 ms, found 3 plugins.
Preloading 0 native plugins for Editor in 0.00 ms.
Mono: successfully reloaded assembly
- Completed reload, in  0.866 seconds
Domain Reload Profiling:
	ReloadAssembly (866ms)
		BeginReloadAssembly (78ms)
			ExecutionOrderSort (0ms)
			DisableScriptedObjects (0ms)
			BackupInstance (0ms)
			ReleaseScriptingObjects (0ms)
			CreateAndSetChildDomain (2ms)
		EndReloadAssembly (712ms)
			LoadAssemblies (78ms)
			RebuildTransferFunctionScriptingTraits (0ms)
			SetupTypeCache (102ms)
			ReleaseScriptCaches (0ms)
			RebuildScriptCaches (22ms)
			SetupLoadedEditorAssemblies (372ms)
				LogAssemblyErrors (0ms)
				InitializePlatformSupportModulesInManaged (11ms)
				SetLoadedEditorAssemblies (1ms)
				RefreshPlugins (27ms)
				BeforeProcessingInitializeOnLoad (23ms)
				ProcessInitializeOnLoadAttributes (232ms)
				ProcessInitializeOnLoadMethodAttributes (78ms)
				AfterProcessingInitializeOnLoad (0ms)
				EditorAssembliesLoaded (0ms)
			ExecutionOrderSort2 (0ms)
			AwakeInstancesAfterBackupRestoration (0ms)
Platform modules already initialized, skipping
Registering precompiled user dll's ...
Registered in 0.000628 seconds.
Begin MonoManager ReloadAssembly
Native extension for WindowsStandalone target not found
Native extension for OSXStandalone target not found
Native extension for WebGL target not found
Refreshing native plugins compatible for Editor in 26.75 ms, found 3 plugins.
Preloading 0 native plugins for Editor in 0.00 ms.
Mono: successfully reloaded assembly
- Completed reload, in  1.551 seconds
Domain Reload Profiling:
	ReloadAssembly (1553ms)
		BeginReloadAssembly (157ms)
			ExecutionOrderSort (0ms)
			DisableScriptedObjects (26ms)
			BackupInstance (0ms)
			ReleaseScriptingObjects (0ms)
			CreateAndSetChildDomain (19ms)
		EndReloadAssembly (1342ms)
			LoadAssemblies (148ms)
			RebuildTransferFunctionScriptingTraits (0ms)
			SetupTypeCache (195ms)
			ReleaseScriptCaches (1ms)
			RebuildScriptCaches (33ms)
			SetupLoadedEditorAssemblies (770ms)
				LogAssemblyErrors (0ms)
				InitializePlatformSupportModulesInManaged (11ms)
				SetLoadedEditorAssemblies (1ms)
				RefreshPlugins (27ms)
				BeforeProcessingInitializeOnLoad (119ms)
				ProcessInitializeOnLoadAttributes (563ms)
				ProcessInitializeOnLoadMethodAttributes (49ms)
				AfterProcessingInitializeOnLoad (1ms)
				EditorAssembliesLoaded (0ms)
			ExecutionOrderSort2 (0ms)
			AwakeInstancesAfterBackupRestoration (3ms)
Platform modules already initialized, skipping
Validating Project structure ... 0.000628 seconds.
Shader import version has changed; will reimport all shaders...
Upgrading shader files ...0.009681 seconds.
Application.AssetDatabase Initial Script Refresh Start
RefreshInfo: InitialScriptRefreshV2(NoUpdateAssetOptions) scanfilter:  ... 1 filters
RefreshProfiler: Total: 0.000ms
Application.AssetDatabase Initial Script Refresh End
Application.AssetDatabase.Refresh Start
Application.AssetDatabase.Refresh End
RefreshInfo: StopAssetImportingV2(ForceSynchronousImport) scanfilter: 
RefreshProfiler: Total: 0.000ms
Launching external process: /Users/sakibshams/Desktop/2020.3.48f1/Unity.app/Contents/Tools/UnityShaderCompiler
Launched and connected shader compiler UnityShaderCompiler after 0.03 seconds
Initializing Unity extensions:
2025-03-05 13:41:07.532 Unity[49263:5409975] NSEventModifierFlagFunction specified to -setKeyEquivalentModifierMask: for item <NSMenuItem: 0x7fd229e1b680 Font Asset, ke='Command-F12'>, but is only supported for system-provided menu items; will not be used
2025-03-05 13:41:07.534 Unity[49263:5409975] NSEventModifierFlagFunction specified to -setKeyEquivalentModifierMask: for item <NSMenuItem: 0x7fd229e44b50 Font Asset, ke='Command-F12'>, but is only supported for system-provided menu items; will not be used
========================================================================
Worker process is ready to serve import requests
Refreshing native plugins compatible for Editor in 0.19 ms, found 3 plugins.
Preloading 0 native plugins for Editor in 0.00 ms.
Unloading 2059 Unused Serialized files (Serialized files now loaded: 0)
System memory in use before: 111.0 MB.
System memory in use after: 110.3 MB.

Unloading 114 unused Assets to reduce memory usage. Loaded Objects now: 2537.
Total: 2.171833 ms (FindLiveObjects: 0.189083 ms CreateObjectMapping: 0.032042 ms MarkObjects: 1.630042 ms  DeleteObjects: 0.319250 ms)

AssetImportParameters requested are different than current active one (requested -> active):
  custom:video-decoder-ogg-theora: a1e56fd34408186e4bbccfd4996cb3dc -> 
  custom:container-muxer-webm: aa71ff27fc2769a1b78a27578f13a17b -> 
  custom:container-demuxer-webm: 4f35f7cbe854078d1ac9338744f61a02 -> 
  custom:container-demuxer-ogg: 62fdf1f143b41e24485cea50d1cbac27 -> 
  custom:video-encoder-webm-vp8: eb34c28f22e8b96e1ab97ce403110664 -> 
  custom:framework-osx-AVFoundation: e770b220cccbd017edd2c1fefb359320 -> 
  custom:video-decoder-webm-vp8: 9c59270c3fd7afecdb556c50c9e8de78 -> 
  custom:audio-decoder-ogg-vorbis: bf7c407c2cedff20999df2af8eb42d56 -> 
  custom:audio-encoder-webm-vorbis: bf7c407c2cedff20999df2af8eb42d56 -> 
========================================================================
Received Import Request.
  path: Assets/Tiles/Square1.asset
  artifactKey: Guid(aca0764b7c2e0449085675dfa247c801) Importer(815301076,1909f56bfc062723c751e8b465ee728b)
Start importing Assets/Tiles/Square1.asset using Guid(aca0764b7c2e0449085675dfa247c801) Importer(815301076,1909f56bfc062723c751e8b465ee728b)  -> (artifact id: '30b7726ac9818706c148f0cbfc5b97dc') in 0.512338 seconds 
========================================================================
Received Import Request.
  Time since last request: 0.000293 seconds.
  path: Assets/Tiles/TilePalette.prefab
  artifactKey: Guid(41d390c0e28114fdd95f434d144c9bfc) Importer(815301076,1909f56bfc062723c751e8b465ee728b)
Start importing Assets/Tiles/TilePalette.prefab using Guid(41d390c0e28114fdd95f434d144c9bfc) Importer(815301076,1909f56bfc062723c751e8b465ee728b)  -> (artifact id: '707e2acf26c0583a9e3de8e7e3bf3d2e') in 0.118630 seconds 
========================================================================
Received Import Request.
  Time since last request: 0.000187 seconds.
  path: Assets/Prefabs/Enemy.prefab
  artifactKey: Guid(bfaa95ec6b3a14fc696704349b9cbcc1) Importer(815301076,1909f56bfc062723c751e8b465ee728b)
Start importing Assets/Prefabs/Enemy.prefab using Guid(bfaa95ec6b3a14fc696704349b9cbcc1) Importer(815301076,1909f56bfc062723c751e8b465ee728b)  -> (artifact id: 'b0c5904af3b9db3e01222a5ce6bda0b9') in 0.012033 seconds 
========================================================================
Received Import Request.
  Time since last request: 79.714774 seconds.
  path: Packages/com.unity.2d.sprite/Editor/ObjectMenuCreation/DefaultAssets/Textures/SquareWithBorder.png
  artifactKey: Guid(db750325989564987a34393247d883b4) Importer(815301076,1909f56bfc062723c751e8b465ee728b)
Start importing Packages/com.unity.2d.sprite/Editor/ObjectMenuCreation/DefaultAssets/Textures/SquareWithBorder.png using Guid(db750325989564987a34393247d883b4) Importer(815301076,1909f56bfc062723c751e8b465ee728b)  -> (artifact id: '3ad02aa874ca67cb0301d78eb8c80c22') in 0.292718 seconds 
========================================================================
Received Import Request.
  Time since last request: 0.000162 seconds.
  path: Packages/com.unity.2d.spriteshape/Editor/Handles/ss_playhead.png
  artifactKey: Guid(9ea72647c24be493ba6f15a9cd2a24ae) Importer(815301076,1909f56bfc062723c751e8b465ee728b)
Start importing Packages/com.unity.2d.spriteshape/Editor/Handles/ss_playhead.png using Guid(9ea72647c24be493ba6f15a9cd2a24ae) Importer(815301076,1909f56bfc062723c751e8b465ee728b)  -> (artifact id: '998c0fe8b10bfe195a6d9201df10be96') in 0.047342 seconds 
========================================================================
Received Import Request.
  Time since last request: 0.000165 seconds.
  path: Packages/com.unity.2d.path/Editor/Handles/TangentBrokenPro.png
  artifactKey: Guid(3f0215e89d05b544d907d3a7d34fab63) Importer(815301076,1909f56bfc062723c751e8b465ee728b)
Start importing Packages/com.unity.2d.path/Editor/Handles/TangentBrokenPro.png using Guid(3f0215e89d05b544d907d3a7d34fab63) Importer(815301076,1909f56bfc062723c751e8b465ee728b)  -> (artifact id: '0d108eec5728f3ad3390ee3c7208ce0a') in 0.004348 seconds 
========================================================================
Received Import Request.
  Time since last request: 0.000154 seconds.
  path: Packages/com.unity.2d.sprite/Editor/ObjectMenuCreation/DefaultAssets/Textures/Square.png
  artifactKey: Guid(48e93eef0688c4a259cb0eddcd8661f7) Importer(815301076,1909f56bfc062723c751e8b465ee728b)
Start importing Packages/com.unity.2d.sprite/Editor/ObjectMenuCreation/DefaultAssets/Textures/Square.png using Guid(48e93eef0688c4a259cb0eddcd8661f7) Importer(815301076,1909f56bfc062723c751e8b465ee728b)  -> (artifact id: 'b9494d3f1256b6fd9d2a4503217372ec') in 0.004699 seconds 
========================================================================
Received Import Request.
  Time since last request: 0.000174 seconds.
  path: Packages/com.unity.2d.spriteshape/Editor/Handles/ss_leftrange.png
  artifactKey: Guid(9417efc47083f4a1598c1966a6345cdb) Importer(815301076,1909f56bfc062723c751e8b465ee728b)
Start importing Packages/com.unity.2d.spriteshape/Editor/Handles/ss_leftrange.png using Guid(9417efc47083f4a1598c1966a6345cdb) Importer(815301076,1909f56bfc062723c751e8b465ee728b)  -> (artifact id: '78a4f5e52b88c25bc2cd0c1d6314a81e') in 0.004111 seconds 
========================================================================
Received Import Request.
  Time since last request: 0.000146 seconds.
  path: Packages/com.unity.2d.spriteshape/Editor/Handles/ss_rightrange.png
  artifactKey: Guid(ee5df01235032491c8b180741ea820fe) Importer(815301076,1909f56bfc062723c751e8b465ee728b)
Start importing Packages/com.unity.2d.spriteshape/Editor/Handles/ss_rightrange.png using Guid(ee5df01235032491c8b180741ea820fe) Importer(815301076,1909f56bfc062723c751e8b465ee728b)  -> (artifact id: '43916b3a28113bef2d9c421dbc8371cd') in 0.004352 seconds 
========================================================================
Received Import Request.
  Time since last request: 0.000149 seconds.
  path: Packages/com.unity.2d.path/Editor/Handles/TangentBroken.png
  artifactKey: Guid(b370d25fdf6f8914287e27c0c3dede6a) Importer(815301076,1909f56bfc062723c751e8b465ee728b)
Start importing Packages/com.unity.2d.path/Editor/Handles/TangentBroken.png using Guid(b370d25fdf6f8914287e27c0c3dede6a) Importer(815301076,1909f56bfc062723c751e8b465ee728b)  -> (artifact id: '6de011fc4a91e2a41450461615ed5d34') in 0.004293 seconds 
========================================================================
Received Import Request.
  Time since last request: 0.000134 seconds.
  path: Packages/com.unity.2d.path/Editor/Handles/TangentContinuous.png
  artifactKey: Guid(229e750703f3e824ca71ddd16a5e36be) Importer(815301076,1909f56bfc062723c751e8b465ee728b)
Start importing Packages/com.unity.2d.path/Editor/Handles/TangentContinuous.png using Guid(229e750703f3e824ca71ddd16a5e36be) Importer(815301076,1909f56bfc062723c751e8b465ee728b)  -> (artifact id: '23527e2285c131fdc75607ded0e6d390') in 0.003628 seconds 
========================================================================
Received Import Request.
  Time since last request: 1.337819 seconds.
  path: Assets/TopDown_Soldier/SpriteSheets/Character_02/lv2_Idle.png
  artifactKey: Guid(71ca5bb2559ae454aa8ae9574cfbaab2) Importer(815301076,1909f56bfc062723c751e8b465ee728b)
Start importing Assets/TopDown_Soldier/SpriteSheets/Character_02/lv2_Idle.png using Guid(71ca5bb2559ae454aa8ae9574cfbaab2) Importer(815301076,1909f56bfc062723c751e8b465ee728b)  -> (artifact id: 'f6014d5a8d71b01de2345ee8f960cbd7') in 0.065225 seconds 
========================================================================
Received Import Request.
  Time since last request: 1.856324 seconds.
  path: Assets/TopDown_Soldier/SpriteSheets/Character_01/lv1 Idle.png
  artifactKey: Guid(3908d28e9ed59614ca406776a4afc3ab) Importer(815301076,1909f56bfc062723c751e8b465ee728b)
Start importing Assets/TopDown_Soldier/SpriteSheets/Character_01/lv1 Idle.png using Guid(3908d28e9ed59614ca406776a4afc3ab) Importer(815301076,1909f56bfc062723c751e8b465ee728b)  -> (artifact id: '58076630ef63d61df44e7a9defe258d4') in 0.071151 seconds 
========================================================================
Received Import Request.
  Time since last request: 21.255202 seconds.
  path: Assets/TopDown_Soldier/Prefabs
  artifactKey: Guid(66be34df9311c0a43a9d3a3066aaa067) Importer(815301076,1909f56bfc062723c751e8b465ee728b)
Start importing Assets/TopDown_Soldier/Prefabs using Guid(66be34df9311c0a43a9d3a3066aaa067) Importer(815301076,1909f56bfc062723c751e8b465ee728b)  -> (artifact id: '08dadab139d4179d2971482ea2a0df11') in 0.001319 seconds 
========================================================================
Received Import Request.
  Time since last request: 0.031578 seconds.
  path: Assets/TopDown_Soldier/Prefabs/Character_01.prefab
  artifactKey: Guid(ef9a915e2a6226d45bfbf486884794bf) Importer(815301076,1909f56bfc062723c751e8b465ee728b)
Start importing Assets/TopDown_Soldier/Prefabs/Character_01.prefab using Guid(ef9a915e2a6226d45bfbf486884794bf) Importer(815301076,1909f56bfc062723c751e8b465ee728b)  -> (artifact id: '151940362888ff9e0362efbc471e704d') in 0.060972 seconds 
========================================================================
Received Import Request.
  Time since last request: 0.000209 seconds.
  path: Assets/TopDown_Soldier/Prefabs/Character_02.prefab
  artifactKey: Guid(9bfbf6aa5110b7e4db0ba8b383795f66) Importer(815301076,1909f56bfc062723c751e8b465ee728b)
Start importing Assets/TopDown_Soldier/Prefabs/Character_02.prefab using Guid(9bfbf6aa5110b7e4db0ba8b383795f66) Importer(815301076,1909f56bfc062723c751e8b465ee728b)  -> (artifact id: '6a88c4d0e31f7771f1d32831112926da') in 0.057177 seconds 
========================================================================
Received Import Request.
  Time since last request: 24.659913 seconds.
  path: Assets/TopDown_Soldier/SpriteSheets
  artifactKey: Guid(660cabadb2845724eaf6fb41a02dcacc) Importer(815301076,1909f56bfc062723c751e8b465ee728b)
Start importing Assets/TopDown_Soldier/SpriteSheets using Guid(660cabadb2845724eaf6fb41a02dcacc) Importer(815301076,1909f56bfc062723c751e8b465ee728b)  -> (artifact id: 'b84d3fbc5c4176cc1dcf20f58d169592') in 0.004361 seconds 
========================================================================
Received Import Request.
  Time since last request: 0.995432 seconds.
  path: Assets/TopDown_Soldier/SpriteSheets/Character_02
  artifactKey: Guid(01a3fd67caa5484449e219127c39748d) Importer(815301076,1909f56bfc062723c751e8b465ee728b)
Start importing Assets/TopDown_Soldier/SpriteSheets/Character_02 using Guid(01a3fd67caa5484449e219127c39748d) Importer(815301076,1909f56bfc062723c751e8b465ee728b)  -> (artifact id: '1c608abcab3ee0ee6cc77597898d9915') in 0.001129 seconds 
========================================================================
Received Import Request.
  Time since last request: 0.045544 seconds.
  path: Assets/TopDown_Soldier/SpriteSheets/Character_02/Lv2_Attack.png
  artifactKey: Guid(9e132e8008c641149ae90a8feed29613) Importer(815301076,1909f56bfc062723c751e8b465ee728b)
Start importing Assets/TopDown_Soldier/SpriteSheets/Character_02/Lv2_Attack.png using Guid(9e132e8008c641149ae90a8feed29613) Importer(815301076,1909f56bfc062723c751e8b465ee728b)  -> (artifact id: '827794afb7b8dcd37f67e9b29d8061c1') in 0.073713 seconds 
========================================================================
Received Import Request.
  Time since last request: 0.000193 seconds.
  path: Assets/TopDown_Soldier/SpriteSheets/Character_02/Lv2_Walk.png
  artifactKey: Guid(0f6c86e39a4f5724ebb62a2563908038) Importer(815301076,1909f56bfc062723c751e8b465ee728b)
Start importing Assets/TopDown_Soldier/SpriteSheets/Character_02/Lv2_Walk.png using Guid(0f6c86e39a4f5724ebb62a2563908038) Importer(815301076,1909f56bfc062723c751e8b465ee728b)  -> (artifact id: '85e0b3ded4defaf49231d2b6e30a57d9') in 0.050211 seconds 
========================================================================
Received Import Request.
  Time since last request: 3.093322 seconds.
  path: Assets/TopDown_Soldier/SpriteSheets/Character_01
  artifactKey: Guid(88e093b08a31a04499951341bd370b57) Importer(815301076,1909f56bfc062723c751e8b465ee728b)
Start importing Assets/TopDown_Soldier/SpriteSheets/Character_01 using Guid(88e093b08a31a04499951341bd370b57) Importer(815301076,1909f56bfc062723c751e8b465ee728b)  -> (artifact id: '99d7c5fa7a11d2cf282378ba65f29253') in 0.003120 seconds 
========================================================================
Received Import Request.
  Time since last request: 0.053796 seconds.
  path: Assets/TopDown_Soldier/SpriteSheets/Character_01/lv1 Attack.png
  artifactKey: Guid(e5eb1b8df982a4644a5bdfae9f8482f1) Importer(815301076,1909f56bfc062723c751e8b465ee728b)
Start importing Assets/TopDown_Soldier/SpriteSheets/Character_01/lv1 Attack.png using Guid(e5eb1b8df982a4644a5bdfae9f8482f1) Importer(815301076,1909f56bfc062723c751e8b465ee728b)  -> (artifact id: '9d4858cecf47596ceaa3f0a4a78a9bc4') in 0.075490 seconds 
========================================================================
Received Import Request.
  Time since last request: 0.000224 seconds.
  path: Assets/TopDown_Soldier/SpriteSheets/Character_01/lv1 Walk.png
  artifactKey: Guid(8f80854e190d44647a39b19a2ba3bf31) Importer(815301076,1909f56bfc062723c751e8b465ee728b)
Start importing Assets/TopDown_Soldier/SpriteSheets/Character_01/lv1 Walk.png using Guid(8f80854e190d44647a39b19a2ba3bf31) Importer(815301076,1909f56bfc062723c751e8b465ee728b)  -> (artifact id: '0d5b5a1387db386f24152adcd64018d7') in 0.051039 seconds 
========================================================================
Received Import Request.
  Time since last request: 9.972989 seconds.
  path: Assets/TopDown_Soldier/SpriteSheets/Character_01/lv1 Idle.png
  artifactKey: Guid(3908d28e9ed59614ca406776a4afc3ab) Importer(815301076,1909f56bfc062723c751e8b465ee728b)
Start importing Assets/TopDown_Soldier/SpriteSheets/Character_01/lv1 Idle.png using Guid(3908d28e9ed59614ca406776a4afc3ab) Importer(815301076,1909f56bfc062723c751e8b465ee728b)  -> (artifact id: '326ad2f88ec735c8291062f0970a0c70') in 0.047654 seconds 
========================================================================
Received Import Request.
  Time since last request: 15.265916 seconds.
  path: Assets/TopDown_Soldier/SpriteSheets/Character_01/lv1 Idle.png
  artifactKey: Guid(3908d28e9ed59614ca406776a4afc3ab) Importer(815301076,1909f56bfc062723c751e8b465ee728b)
Start importing Assets/TopDown_Soldier/SpriteSheets/Character_01/lv1 Idle.png using Guid(3908d28e9ed59614ca406776a4afc3ab) Importer(815301076,1909f56bfc062723c751e8b465ee728b)  -> (artifact id: '965d8bf4a640dbf104d5e5e45d6f9f22') in 0.052942 seconds 
========================================================================
Received Prepare
Registering precompiled user dll's ...
Registered in 0.000726 seconds.
Begin MonoManager ReloadAssembly
Native extension for WindowsStandalone target not found
Native extension for OSXStandalone target not found
Native extension for WebGL target not found
Refreshing native plugins compatible for Editor in 0.32 ms, found 3 plugins.
Preloading 0 native plugins for Editor in 0.00 ms.
2025-03-05 13:44:50.008 Unity[49263:5409975] NSEventModifierFlagFunction specified to -setKeyEquivalentModifierMask: for item <NSMenuItem: 0x7fd21f34eab0 Font Asset, ke='Command-F12'>, but is only supported for system-provided menu items; will not be used
Mono: successfully reloaded assembly
- Completed reload, in  1.610 seconds
Domain Reload Profiling:
	ReloadAssembly (1610ms)
		BeginReloadAssembly (184ms)
			ExecutionOrderSort (0ms)
			DisableScriptedObjects (36ms)
			BackupInstance (0ms)
			ReleaseScriptingObjects (0ms)
			CreateAndSetChildDomain (42ms)
		EndReloadAssembly (1366ms)
			LoadAssemblies (183ms)
			RebuildTransferFunctionScriptingTraits (0ms)
			SetupTypeCache (194ms)
			ReleaseScriptCaches (1ms)
			RebuildScriptCaches (30ms)
			SetupLoadedEditorAssemblies (813ms)
				LogAssemblyErrors (0ms)
				InitializePlatformSupportModulesInManaged (12ms)
				SetLoadedEditorAssemblies (1ms)
				RefreshPlugins (0ms)
				BeforeProcessingInitializeOnLoad (170ms)
				ProcessInitializeOnLoadAttributes (592ms)
				ProcessInitializeOnLoadMethodAttributes (36ms)
				AfterProcessingInitializeOnLoad (1ms)
				EditorAssembliesLoaded (0ms)
			ExecutionOrderSort2 (0ms)
			AwakeInstancesAfterBackupRestoration (5ms)
Platform modules already initialized, skipping
Refreshing native plugins compatible for Editor in 0.22 ms, found 3 plugins.
Preloading 0 native plugins for Editor in 0.00 ms.
Unloading 2034 Unused Serialized files (Serialized files now loaded: 0)
System memory in use before: 119.2 MB.
System memory in use after: 119.3 MB.

Unloading 15 unused Assets to reduce memory usage. Loaded Objects now: 2562.
Total: 1.607125 ms (FindLiveObjects: 0.060333 ms CreateObjectMapping: 0.023792 ms MarkObjects: 1.511250 ms  DeleteObjects: 0.011333 ms)

AssetImportParameters requested are different than current active one (requested -> active):
  custom:video-decoder-ogg-theora: a1e56fd34408186e4bbccfd4996cb3dc -> 
  custom:container-muxer-webm: aa71ff27fc2769a1b78a27578f13a17b -> 
  custom:container-demuxer-webm: 4f35f7cbe854078d1ac9338744f61a02 -> 
  custom:container-demuxer-ogg: 62fdf1f143b41e24485cea50d1cbac27 -> 
  custom:video-encoder-webm-vp8: eb34c28f22e8b96e1ab97ce403110664 -> 
  custom:framework-osx-AVFoundation: e770b220cccbd017edd2c1fefb359320 -> 
  custom:video-decoder-webm-vp8: 9c59270c3fd7afecdb556c50c9e8de78 -> 
  custom:audio-decoder-ogg-vorbis: bf7c407c2cedff20999df2af8eb42d56 -> 
  custom:audio-encoder-webm-vorbis: bf7c407c2cedff20999df2af8eb42d56 -> 
========================================================================
Received Import Request.
  Time since last request: 63.283454 seconds.
  path: Assets/TopDown_Soldier/SpriteSheets/Character_01/lv1 Idle.png
  artifactKey: Guid(3908d28e9ed59614ca406776a4afc3ab) Importer(815301076,1909f56bfc062723c751e8b465ee728b)
Start importing Assets/TopDown_Soldier/SpriteSheets/Character_01/lv1 Idle.png using Guid(3908d28e9ed59614ca406776a4afc3ab) Importer(815301076,1909f56bfc062723c751e8b465ee728b)  -> (artifact id: '3c07a177c479b869bbb3b6cef45e648c') in 0.145236 seconds 
========================================================================
Received Import Request.
  Time since last request: 14.013167 seconds.
  path: Assets/TopDown_Soldier/SpriteSheets/Character_01/lv1 Attack.png
  artifactKey: Guid(e5eb1b8df982a4644a5bdfae9f8482f1) Importer(815301076,1909f56bfc062723c751e8b465ee728b)
Start importing Assets/TopDown_Soldier/SpriteSheets/Character_01/lv1 Attack.png using Guid(e5eb1b8df982a4644a5bdfae9f8482f1) Importer(815301076,1909f56bfc062723c751e8b465ee728b)  -> (artifact id: '649c616046830cecd1a7cc715c84456b') in 0.087383 seconds 
========================================================================
Received Import Request.
  Time since last request: 0.000220 seconds.
  path: Assets/TopDown_Soldier/SpriteSheets/Character_01/lv1 Walk.png
  artifactKey: Guid(8f80854e190d44647a39b19a2ba3bf31) Importer(815301076,1909f56bfc062723c751e8b465ee728b)
Start importing Assets/TopDown_Soldier/SpriteSheets/Character_01/lv1 Walk.png using Guid(8f80854e190d44647a39b19a2ba3bf31) Importer(815301076,1909f56bfc062723c751e8b465ee728b)  -> (artifact id: 'a444e9194278494ad42a66904dcb6da8') in 0.049422 seconds 
========================================================================
Received Import Request.
  Time since last request: 11.553277 seconds.
  path: Packages/com.unity.2d.animation/Editor/Assets/SkinningModule/Icons/Selected/Bone_Influence@4x.png
  artifactKey: Guid(daf2ab606d4db0d4f9ecf4c02137d2a8) Importer(815301076,1909f56bfc062723c751e8b465ee728b)
Start importing Packages/com.unity.2d.animation/Editor/Assets/SkinningModule/Icons/Selected/Bone_Influence@4x.png using Guid(daf2ab606d4db0d4f9ecf4c02137d2a8) Importer(815301076,1909f56bfc062723c751e8b465ee728b)  -> (artifact id: 'a18e016b95ccdf1e4eb330996966d1ab') in 0.010903 seconds 
========================================================================
Received Import Request.
  Time since last request: 0.000163 seconds.
  path: Packages/com.unity.2d.sprite/Editor/ObjectMenuCreation/DefaultAssets/Textures/Capsule.png
  artifactKey: Guid(bd3cb4af8406d4436a2ae8c2aafe1f8d) Importer(815301076,1909f56bfc062723c751e8b465ee728b)
Start importing Packages/com.unity.2d.sprite/Editor/ObjectMenuCreation/DefaultAssets/Textures/Capsule.png using Guid(bd3cb4af8406d4436a2ae8c2aafe1f8d) Importer(815301076,1909f56bfc062723c751e8b465ee728b)  -> (artifact id: '3c75fdd8db0754924ca0109f59d6b6a5') in 0.005406 seconds 
========================================================================
Received Import Request.
  Time since last request: 0.000166 seconds.
  path: Packages/com.unity.2d.animation/Editor/Assets/SkinningModule/Icons/Selected/character_Mode@2x.png
  artifactKey: Guid(5d52b20f865aff242bfcb08c3b6f61a5) Importer(815301076,1909f56bfc062723c751e8b465ee728b)
Start importing Packages/com.unity.2d.animation/Editor/Assets/SkinningModule/Icons/Selected/character_Mode@2x.png using Guid(5d52b20f865aff242bfcb08c3b6f61a5) Importer(815301076,1909f56bfc062723c751e8b465ee728b)  -> (artifact id: '257a3a1e301b509bb662a643823d6d45') in 0.004876 seconds 
========================================================================
Received Import Request.
  Time since last request: 0.000167 seconds.
  path: Packages/com.unity.2d.animation/Editor/Assets/SkinningModule/Icons/Light/character_Mode@2x.png
  artifactKey: Guid(25096ce515c063c48a2bd6b108c95912) Importer(815301076,1909f56bfc062723c751e8b465ee728b)
Start importing Packages/com.unity.2d.animation/Editor/Assets/SkinningModule/Icons/Light/character_Mode@2x.png using Guid(25096ce515c063c48a2bd6b108c95912) Importer(815301076,1909f56bfc062723c751e8b465ee728b)  -> (artifact id: 'eb177fc9997867647c4524e946b83e0a') in 0.005010 seconds 
========================================================================
Received Import Request.
  Time since last request: 0.000227 seconds.
  path: Packages/com.unity.2d.animation/Editor/Assets/SkinningModule/Icons/Light/character_Mode@3x.png
  artifactKey: Guid(17fa84703485d314b8d6b5216987d4b1) Importer(815301076,1909f56bfc062723c751e8b465ee728b)
Start importing Packages/com.unity.2d.animation/Editor/Assets/SkinningModule/Icons/Light/character_Mode@3x.png using Guid(17fa84703485d314b8d6b5216987d4b1) Importer(815301076,1909f56bfc062723c751e8b465ee728b)  -> (artifact id: '19868660c372ee6a3e6bd3b9a72e8fe2') in 0.004850 seconds 
========================================================================
Received Import Request.
  Time since last request: 0.000156 seconds.
  path: Packages/com.unity.2d.animation/Editor/Assets/SkinningModule/Icons/Selected/character_Mode@3x.png
  artifactKey: Guid(dcea51d6065d64246aeec467afeff684) Importer(815301076,1909f56bfc062723c751e8b465ee728b)
Start importing Packages/com.unity.2d.animation/Editor/Assets/SkinningModule/Icons/Selected/character_Mode@3x.png using Guid(dcea51d6065d64246aeec467afeff684) Importer(815301076,1909f56bfc062723c751e8b465ee728b)  -> (artifact id: '37d71b149dd46f2534c6e33f381687df') in 0.004601 seconds 
========================================================================
Received Import Request.
  Time since last request: 0.000149 seconds.
  path: Packages/com.unity.2d.animation/Editor/Assets/SkinningModule/Icons/Selected/character_Mode.png
  artifactKey: Guid(e60718119cec31e4190849292fcde068) Importer(815301076,1909f56bfc062723c751e8b465ee728b)
Start importing Packages/com.unity.2d.animation/Editor/Assets/SkinningModule/Icons/Selected/character_Mode.png using Guid(e60718119cec31e4190849292fcde068) Importer(815301076,1909f56bfc062723c751e8b465ee728b)  -> (artifact id: '8ce3fa1ffa082a8583ebd98bd63af617') in 0.003944 seconds 
========================================================================
Received Import Request.
  Time since last request: 0.000172 seconds.
  path: Packages/com.unity.2d.sprite/Editor/ObjectMenuCreation/DefaultAssets/Textures/CapsuleWithBorder.png
  artifactKey: Guid(34587324d412940a79d530020c957dc0) Importer(815301076,1909f56bfc062723c751e8b465ee728b)
Start importing Packages/com.unity.2d.sprite/Editor/ObjectMenuCreation/DefaultAssets/Textures/CapsuleWithBorder.png using Guid(34587324d412940a79d530020c957dc0) Importer(815301076,1909f56bfc062723c751e8b465ee728b)  -> (artifact id: '3de12b6c23d49004230e5e9282097ae9') in 0.005136 seconds 
========================================================================
Received Import Request.
  Time since last request: 0.000125 seconds.
  path: Packages/com.unity.2d.animation/Editor/Assets/SkinningModule/Icons/Light/character_Mode.png
  artifactKey: Guid(d4d64a6cd9624c34a815dd79fb2a20a4) Importer(815301076,1909f56bfc062723c751e8b465ee728b)
Start importing Packages/com.unity.2d.animation/Editor/Assets/SkinningModule/Icons/Light/character_Mode.png using Guid(d4d64a6cd9624c34a815dd79fb2a20a4) Importer(815301076,1909f56bfc062723c751e8b465ee728b)  -> (artifact id: 'b4e07128b22a8e50befd77c995ed1a13') in 0.004787 seconds 
========================================================================
Received Import Request.
  Time since last request: 4.635608 seconds.
  path: Assets/Prefabs/Enemy.prefab
  artifactKey: Guid(bfaa95ec6b3a14fc696704349b9cbcc1) Importer(815301076,1909f56bfc062723c751e8b465ee728b)
Start importing Assets/Prefabs/Enemy.prefab using Guid(bfaa95ec6b3a14fc696704349b9cbcc1) Importer(815301076,1909f56bfc062723c751e8b465ee728b)  -> (artifact id: '7c2bcf2f8968787ddf37fbe2fa1003b2') in 0.074066 seconds 
========================================================================
Received Import Request.
  Time since last request: 4.588548 seconds.
  path: Assets/Prefabs/Enemy.prefab
  artifactKey: Guid(bfaa95ec6b3a14fc696704349b9cbcc1) Importer(815301076,1909f56bfc062723c751e8b465ee728b)
Start importing Assets/Prefabs/Enemy.prefab using Guid(bfaa95ec6b3a14fc696704349b9cbcc1) Importer(815301076,1909f56bfc062723c751e8b465ee728b)  -> (artifact id: 'fd0dfa8c9fd04ead20e2be680311ebea') in 0.019345 seconds 
========================================================================
Received Import Request.
  Time since last request: 10.662061 seconds.
  path: Assets/Prefabs/Player.prefab
  artifactKey: Guid(3957407d51b824473985f85077f70653) Importer(815301076,1909f56bfc062723c751e8b465ee728b)
Start importing Assets/Prefabs/Player.prefab using Guid(3957407d51b824473985f85077f70653) Importer(815301076,1909f56bfc062723c751e8b465ee728b) Tried select unknown importer for id '-2' '00000000000000000000000000000000'
 -> (artifact id: '1b7b5fde0aadcede652eec4e078075bb') in 0.021257 seconds 
========================================================================
Received Prepare
Registering precompiled user dll's ...
Registered in 0.000699 seconds.
Begin MonoManager ReloadAssembly
Native extension for WindowsStandalone target not found
Native extension for OSXStandalone target not found
Native extension for WebGL target not found
Refreshing native plugins compatible for Editor in 0.30 ms, found 3 plugins.
Preloading 0 native plugins for Editor in 0.00 ms.
2025-03-05 13:46:23.632 Unity[49263:5409975] NSEventModifierFlagFunction specified to -setKeyEquivalentModifierMask: for item <NSMenuItem: 0x7fd21f761640 Font Asset, ke='Command-F12'>, but is only supported for system-provided menu items; will not be used
Mono: successfully reloaded assembly
- Completed reload, in  1.516 seconds
Domain Reload Profiling:
	ReloadAssembly (1517ms)
		BeginReloadAssembly (146ms)
			ExecutionOrderSort (0ms)
			DisableScriptedObjects (31ms)
			BackupInstance (0ms)
			ReleaseScriptingObjects (0ms)
			CreateAndSetChildDomain (38ms)
		EndReloadAssembly (1315ms)
			LoadAssemblies (134ms)
			RebuildTransferFunctionScriptingTraits (0ms)
			SetupTypeCache (184ms)
			ReleaseScriptCaches (1ms)
			RebuildScriptCaches (30ms)
			SetupLoadedEditorAssemblies (796ms)
				LogAssemblyErrors (0ms)
				InitializePlatformSupportModulesInManaged (13ms)
				SetLoadedEditorAssemblies (1ms)
				RefreshPlugins (0ms)
				BeforeProcessingInitializeOnLoad (168ms)
				ProcessInitializeOnLoadAttributes (574ms)
				ProcessInitializeOnLoadMethodAttributes (39ms)
				AfterProcessingInitializeOnLoad (1ms)
				EditorAssembliesLoaded (0ms)
			ExecutionOrderSort2 (0ms)
			AwakeInstancesAfterBackupRestoration (5ms)
Platform modules already initialized, skipping
Refreshing native plugins compatible for Editor in 0.20 ms, found 3 plugins.
Preloading 0 native plugins for Editor in 0.00 ms.
Unloading 2034 Unused Serialized files (Serialized files now loaded: 0)
System memory in use before: 119.5 MB.
System memory in use after: 119.6 MB.

Unloading 14 unused Assets to reduce memory usage. Loaded Objects now: 2577.
Total: 1.763625 ms (FindLiveObjects: 0.063208 ms CreateObjectMapping: 0.027959 ms MarkObjects: 1.657583 ms  DeleteObjects: 0.014458 ms)

AssetImportParameters requested are different than current active one (requested -> active):
  custom:video-decoder-ogg-theora: a1e56fd34408186e4bbccfd4996cb3dc -> 
  custom:container-muxer-webm: aa71ff27fc2769a1b78a27578f13a17b -> 
  custom:container-demuxer-webm: 4f35f7cbe854078d1ac9338744f61a02 -> 
  custom:container-demuxer-ogg: 62fdf1f143b41e24485cea50d1cbac27 -> 
  custom:video-encoder-webm-vp8: eb34c28f22e8b96e1ab97ce403110664 -> 
  custom:framework-osx-AVFoundation: e770b220cccbd017edd2c1fefb359320 -> 
  custom:video-decoder-webm-vp8: 9c59270c3fd7afecdb556c50c9e8de78 -> 
  custom:audio-decoder-ogg-vorbis: bf7c407c2cedff20999df2af8eb42d56 -> 
  custom:audio-encoder-webm-vorbis: bf7c407c2cedff20999df2af8eb42d56 -> 
========================================================================
Received Import Request.
  Time since last request: 47.661066 seconds.
  path: Assets/Prefabs/Enemy.prefab
  artifactKey: Guid(bfaa95ec6b3a14fc696704349b9cbcc1) Importer(815301076,1909f56bfc062723c751e8b465ee728b)
Start importing Assets/Prefabs/Enemy.prefab using Guid(bfaa95ec6b3a14fc696704349b9cbcc1) Importer(815301076,1909f56bfc062723c751e8b465ee728b)  -> (artifact id: '01c1612cd7f076bf01cfb304c49254b1') in 0.111857 seconds 
========================================================================
Received Import Request.
  Time since last request: 0.000185 seconds.
  path: Assets/TopDown_Soldier/SpriteSheets/Character_02/Lv2_Walk.png
  artifactKey: Guid(0f6c86e39a4f5724ebb62a2563908038) Importer(815301076,1909f56bfc062723c751e8b465ee728b)
Start importing Assets/TopDown_Soldier/SpriteSheets/Character_02/Lv2_Walk.png using Guid(0f6c86e39a4f5724ebb62a2563908038) Importer(815301076,1909f56bfc062723c751e8b465ee728b)  -> (artifact id: '4f6e486aa521d3d788349ad4c3b70789') in 0.088332 seconds 
========================================================================
Received Import Request.
  Time since last request: 0.000187 seconds.
  path: Assets/TopDown_Soldier/SpriteSheets/Character_02/Lv2_Attack.png
  artifactKey: Guid(9e132e8008c641149ae90a8feed29613) Importer(815301076,1909f56bfc062723c751e8b465ee728b)
Start importing Assets/TopDown_Soldier/SpriteSheets/Character_02/Lv2_Attack.png using Guid(9e132e8008c641149ae90a8feed29613) Importer(815301076,1909f56bfc062723c751e8b465ee728b)  -> (artifact id: '5aa83d974b96bb7d554f1541ad9ad798') in 0.059252 seconds 
========================================================================
Received Import Request.
  Time since last request: 0.000174 seconds.
  path: Assets/TopDown_Soldier/SpriteSheets/Character_02/lv2_Idle.png
  artifactKey: Guid(71ca5bb2559ae454aa8ae9574cfbaab2) Importer(815301076,1909f56bfc062723c751e8b465ee728b)
Start importing Assets/TopDown_Soldier/SpriteSheets/Character_02/lv2_Idle.png using Guid(71ca5bb2559ae454aa8ae9574cfbaab2) Importer(815301076,1909f56bfc062723c751e8b465ee728b)  -> (artifact id: 'a77307a4b493a8ac547183818663df58') in 0.042970 seconds 
========================================================================
Received Import Request.
  Time since last request: 7.807242 seconds.
  path: Assets/Prefabs/Enemy.prefab
  artifactKey: Guid(bfaa95ec6b3a14fc696704349b9cbcc1) Importer(815301076,1909f56bfc062723c751e8b465ee728b)
Start importing Assets/Prefabs/Enemy.prefab using Guid(bfaa95ec6b3a14fc696704349b9cbcc1) Importer(815301076,1909f56bfc062723c751e8b465ee728b)  -> (artifact id: '211af601ac3214027faf7b052f7d47fe') in 0.019479 seconds 
========================================================================
Received Import Request.
  Time since last request: 10.959003 seconds.
  path: Assets/Prefabs/Enemy.prefab
  artifactKey: Guid(bfaa95ec6b3a14fc696704349b9cbcc1) Importer(815301076,1909f56bfc062723c751e8b465ee728b)
Start importing Assets/Prefabs/Enemy.prefab using Guid(bfaa95ec6b3a14fc696704349b9cbcc1) Importer(815301076,1909f56bfc062723c751e8b465ee728b)  -> (artifact id: '3d1a35116ab68691ee419f046b86df39') in 0.018301 seconds 
========================================================================
Received Prepare
Registering precompiled user dll's ...
Registered in 0.000697 seconds.
Begin MonoManager ReloadAssembly
Native extension for WindowsStandalone target not found
Native extension for OSXStandalone target not found
Native extension for WebGL target not found
Refreshing native plugins compatible for Editor in 0.31 ms, found 3 plugins.
Preloading 0 native plugins for Editor in 0.00 ms.
2025-03-05 13:47:38.939 Unity[49263:5409975] NSEventModifierFlagFunction specified to -setKeyEquivalentModifierMask: for item <NSMenuItem: 0x7fd229e4d3c0 Font Asset, ke='Command-F12'>, but is only supported for system-provided menu items; will not be used
Mono: successfully reloaded assembly
- Completed reload, in  1.551 seconds
Domain Reload Profiling:
	ReloadAssembly (1552ms)
		BeginReloadAssembly (139ms)
			ExecutionOrderSort (0ms)
			DisableScriptedObjects (28ms)
			BackupInstance (0ms)
			ReleaseScriptingObjects (0ms)
			CreateAndSetChildDomain (37ms)
		EndReloadAssembly (1357ms)
			LoadAssemblies (139ms)
			RebuildTransferFunctionScriptingTraits (0ms)
			SetupTypeCache (187ms)
			ReleaseScriptCaches (1ms)
			RebuildScriptCaches (30ms)
			SetupLoadedEditorAssemblies (824ms)
				LogAssemblyErrors (0ms)
				InitializePlatformSupportModulesInManaged (12ms)
				SetLoadedEditorAssemblies (2ms)
				RefreshPlugins (0ms)
				BeforeProcessingInitializeOnLoad (168ms)
				ProcessInitializeOnLoadAttributes (597ms)
				ProcessInitializeOnLoadMethodAttributes (45ms)
				AfterProcessingInitializeOnLoad (1ms)
				EditorAssembliesLoaded (0ms)
			ExecutionOrderSort2 (0ms)
			AwakeInstancesAfterBackupRestoration (5ms)
Platform modules already initialized, skipping
Refreshing native plugins compatible for Editor in 0.23 ms, found 3 plugins.
Preloading 0 native plugins for Editor in 0.00 ms.
Unloading 2034 Unused Serialized files (Serialized files now loaded: 0)
System memory in use before: 119.5 MB.
System memory in use after: 119.6 MB.

Unloading 14 unused Assets to reduce memory usage. Loaded Objects now: 2581.
Total: 1.594833 ms (FindLiveObjects: 0.059709 ms CreateObjectMapping: 0.024125 ms MarkObjects: 1.498542 ms  DeleteObjects: 0.012000 ms)

AssetImportParameters requested are different than current active one (requested -> active):
  custom:video-decoder-ogg-theora: a1e56fd34408186e4bbccfd4996cb3dc -> 
  custom:container-muxer-webm: aa71ff27fc2769a1b78a27578f13a17b -> 
  custom:container-demuxer-webm: 4f35f7cbe854078d1ac9338744f61a02 -> 
  custom:container-demuxer-ogg: 62fdf1f143b41e24485cea50d1cbac27 -> 
  custom:video-encoder-webm-vp8: eb34c28f22e8b96e1ab97ce403110664 -> 
  custom:framework-osx-AVFoundation: e770b220cccbd017edd2c1fefb359320 -> 
  custom:video-decoder-webm-vp8: 9c59270c3fd7afecdb556c50c9e8de78 -> 
  custom:audio-decoder-ogg-vorbis: bf7c407c2cedff20999df2af8eb42d56 -> 
  custom:audio-encoder-webm-vorbis: bf7c407c2cedff20999df2af8eb42d56 -> 
========================================================================
Received Import Request.
  Time since last request: 56.222332 seconds.
  path: Assets/Prefabs/Enemy.prefab
  artifactKey: Guid(bfaa95ec6b3a14fc696704349b9cbcc1) Importer(815301076,1909f56bfc062723c751e8b465ee728b)
Start importing Assets/Prefabs/Enemy.prefab using Guid(bfaa95ec6b3a14fc696704349b9cbcc1) Importer(815301076,1909f56bfc062723c751e8b465ee728b)  -> (artifact id: '4e7f73a7644a4405fa53282e2d032c4e') in 0.104952 seconds 
========================================================================
Received Import Request.
  Time since last request: 3.034755 seconds.
  path: Assets/Prefabs/Enemy.prefab
  artifactKey: Guid(bfaa95ec6b3a14fc696704349b9cbcc1) Importer(815301076,1909f56bfc062723c751e8b465ee728b)
Start importing Assets/Prefabs/Enemy.prefab using Guid(bfaa95ec6b3a14fc696704349b9cbcc1) Importer(815301076,1909f56bfc062723c751e8b465ee728b)  -> (artifact id: '83ba34521e448f7544e11bbcdeb7e3aa') in 0.023051 seconds 
========================================================================
Received Import Request.
  Time since last request: 3.815492 seconds.
  path: Assets/Prefabs/Enemy.prefab
  artifactKey: Guid(bfaa95ec6b3a14fc696704349b9cbcc1) Importer(815301076,1909f56bfc062723c751e8b465ee728b)
Start importing Assets/Prefabs/Enemy.prefab using Guid(bfaa95ec6b3a14fc696704349b9cbcc1) Importer(815301076,1909f56bfc062723c751e8b465ee728b)  -> (artifact id: '010660fc338f64e8231fe7ad5a0c8555') in 0.017255 seconds 
========================================================================
Received Import Request.
  Time since last request: 3.433840 seconds.
  path: Assets/Prefabs/Enemy.prefab
  artifactKey: Guid(bfaa95ec6b3a14fc696704349b9cbcc1) Importer(815301076,1909f56bfc062723c751e8b465ee728b)
Start importing Assets/Prefabs/Enemy.prefab using Guid(bfaa95ec6b3a14fc696704349b9cbcc1) Importer(815301076,1909f56bfc062723c751e8b465ee728b)  -> (artifact id: '7a9be4338af40a075cc0f23545aa334e') in 0.017473 seconds 
========================================================================
Received Import Request.
  Time since last request: 1.816951 seconds.
  path: Assets/Prefabs/Enemy.prefab
  artifactKey: Guid(bfaa95ec6b3a14fc696704349b9cbcc1) Importer(815301076,1909f56bfc062723c751e8b465ee728b)
Start importing Assets/Prefabs/Enemy.prefab using Guid(bfaa95ec6b3a14fc696704349b9cbcc1) Importer(815301076,1909f56bfc062723c751e8b465ee728b)  -> (artifact id: '164ba09673b0c9cbca83e3af2ccc04c3') in 0.016276 seconds 
========================================================================
Received Import Request.
  Time since last request: 5.642852 seconds.
  path: Assets/Prefabs/Enemy.prefab
  artifactKey: Guid(bfaa95ec6b3a14fc696704349b9cbcc1) Importer(815301076,1909f56bfc062723c751e8b465ee728b)
Start importing Assets/Prefabs/Enemy.prefab using Guid(bfaa95ec6b3a14fc696704349b9cbcc1) Importer(815301076,1909f56bfc062723c751e8b465ee728b)  -> (artifact id: '65fcc87a743183c0f8629faaf9c445ae') in 0.017896 seconds 
========================================================================
Received Import Request.
  Time since last request: 78.648001 seconds.
  path: Assets/Prefabs/Enemy.prefab
  artifactKey: Guid(bfaa95ec6b3a14fc696704349b9cbcc1) Importer(815301076,1909f56bfc062723c751e8b465ee728b)
Start importing Assets/Prefabs/Enemy.prefab using Guid(bfaa95ec6b3a14fc696704349b9cbcc1) Importer(815301076,1909f56bfc062723c751e8b465ee728b)  -> (artifact id: 'cc01e65a1b7fed8c9d69e45b3b5d3dc4') in 0.016018 seconds 
========================================================================
Received Import Request.
  Time since last request: 1.819557 seconds.
  path: Assets/Prefabs/Enemy.prefab
  artifactKey: Guid(bfaa95ec6b3a14fc696704349b9cbcc1) Importer(815301076,1909f56bfc062723c751e8b465ee728b)
Start importing Assets/Prefabs/Enemy.prefab using Guid(bfaa95ec6b3a14fc696704349b9cbcc1) Importer(815301076,1909f56bfc062723c751e8b465ee728b)  -> (artifact id: 'e1498902657ef608334c5b57ffe38a5a') in 0.017713 seconds 
========================================================================
Received Import Request.
  Time since last request: 1.404987 seconds.
  path: Assets/Prefabs/Enemy.prefab
  artifactKey: Guid(bfaa95ec6b3a14fc696704349b9cbcc1) Importer(815301076,1909f56bfc062723c751e8b465ee728b)
Start importing Assets/Prefabs/Enemy.prefab using Guid(bfaa95ec6b3a14fc696704349b9cbcc1) Importer(815301076,1909f56bfc062723c751e8b465ee728b)  -> (artifact id: '73ece9200df1596fd55b4e68e5fea1a4') in 0.018354 seconds 
========================================================================
Received Prepare
Registering precompiled user dll's ...
Registered in 0.000665 seconds.
Begin MonoManager ReloadAssembly
Native extension for WindowsStandalone target not found
Native extension for OSXStandalone target not found
Native extension for WebGL target not found
Refreshing native plugins compatible for Editor in 0.30 ms, found 3 plugins.
Preloading 0 native plugins for Editor in 0.00 ms.
2025-03-05 14:06:54.123 Unity[49263:5409975] NSEventModifierFlagFunction specified to -setKeyEquivalentModifierMask: for item <NSMenuItem: 0x7fd22b1745b0 Font Asset, ke='Command-F12'>, but is only supported for system-provided menu items; will not be used
Mono: successfully reloaded assembly
- Completed reload, in  1.473 seconds
Domain Reload Profiling:
	ReloadAssembly (1474ms)
		BeginReloadAssembly (139ms)
			ExecutionOrderSort (0ms)
			DisableScriptedObjects (30ms)
			BackupInstance (0ms)
			ReleaseScriptingObjects (0ms)
			CreateAndSetChildDomain (36ms)
		EndReloadAssembly (1281ms)
			LoadAssemblies (127ms)
			RebuildTransferFunctionScriptingTraits (0ms)
			SetupTypeCache (180ms)
			ReleaseScriptCaches (1ms)
			RebuildScriptCaches (28ms)
			SetupLoadedEditorAssemblies (779ms)
				LogAssemblyErrors (0ms)
				InitializePlatformSupportModulesInManaged (12ms)
				SetLoadedEditorAssemblies (2ms)
				RefreshPlugins (0ms)
				BeforeProcessingInitializeOnLoad (167ms)
				ProcessInitializeOnLoadAttributes (558ms)
				ProcessInitializeOnLoadMethodAttributes (40ms)
				AfterProcessingInitializeOnLoad (1ms)
				EditorAssembliesLoaded (0ms)
			ExecutionOrderSort2 (0ms)
			AwakeInstancesAfterBackupRestoration (5ms)
Platform modules already initialized, skipping
Refreshing native plugins compatible for Editor in 0.20 ms, found 3 plugins.
Preloading 0 native plugins for Editor in 0.00 ms.
Unloading 2034 Unused Serialized files (Serialized files now loaded: 0)
System memory in use before: 119.5 MB.
System memory in use after: 119.7 MB.

Unloading 14 unused Assets to reduce memory usage. Loaded Objects now: 2585.
Total: 1.556958 ms (FindLiveObjects: 0.059500 ms CreateObjectMapping: 0.024708 ms MarkObjects: 1.460375 ms  DeleteObjects: 0.011750 ms)

AssetImportParameters requested are different than current active one (requested -> active):
  custom:video-decoder-ogg-theora: a1e56fd34408186e4bbccfd4996cb3dc -> 
  custom:container-muxer-webm: aa71ff27fc2769a1b78a27578f13a17b -> 
  custom:container-demuxer-webm: 4f35f7cbe854078d1ac9338744f61a02 -> 
  custom:container-demuxer-ogg: 62fdf1f143b41e24485cea50d1cbac27 -> 
  custom:video-encoder-webm-vp8: eb34c28f22e8b96e1ab97ce403110664 -> 
  custom:framework-osx-AVFoundation: e770b220cccbd017edd2c1fefb359320 -> 
  custom:video-decoder-webm-vp8: 9c59270c3fd7afecdb556c50c9e8de78 -> 
  custom:audio-decoder-ogg-vorbis: bf7c407c2cedff20999df2af8eb42d56 -> 
  custom:audio-encoder-webm-vorbis: bf7c407c2cedff20999df2af8eb42d56 -> 
